{
  "RSpec": {
    "coverage": {
      "/home/jake_bleeden/projects/giftwiseproject-selt_2025_team_05/app/channels/application_cable/channel.rb": {
        "lines": [
          0,
          0,
          0,
          0
        ],
        "branches": {}
      },
      "/home/jake_bleeden/projects/giftwiseproject-selt_2025_team_05/app/channels/application_cable/connection.rb": {
        "lines": [
          0,
          0,
          0,
          0
        ],
        "branches": {}
      },
      "/home/jake_bleeden/projects/giftwiseproject-selt_2025_team_05/app/controllers/application_controller.rb": {
        "lines": [
          0,
          0
        ],
        "branches": {}
      },
      "/home/jake_bleeden/projects/giftwiseproject-selt_2025_team_05/app/controllers/events_controller.rb": {
        "lines": [
          0,
          0,
          0,
          0,
          0,
          0,
          0,
          null,
          0,
          0,
          0,
          0,
          0,
          null,
          0,
          0,
          0,
          0,
          0,
          0,
          0,
          0,
          0,
          null,
          0,
          0,
          null,
          0,
          0,
          null,
          null,
          0,
          0,
          0,
          0,
          0,
          0,
          0,
          null,
          0,
          null,
          0,
          0,
          0,
          null,
          0,
          0,
          0,
          0,
          0,
          null,
          0,
          0,
          0,
          0
        ],
        "branches": {}
      },
      "/home/jake_bleeden/projects/giftwiseproject-selt_2025_team_05/app/controllers/friendships_controller.rb": {
        "lines": [
          0,
          0
        ],
        "branches": {}
      },
      "/home/jake_bleeden/projects/giftwiseproject-selt_2025_team_05/app/controllers/home_controller.rb": {
        "lines": [
          null,
          0,
          0,
          0,
          0,
          0,
          0,
          0,
          0,
          0,
          0,
          0
        ],
        "branches": {}
      },
      "/home/jake_bleeden/projects/giftwiseproject-selt_2025_team_05/app/controllers/preferences_controller.rb": {
        "lines": [
          0,
          0,
          0,
          null,
          0,
          0,
          0,
          null,
          0,
          0,
          0,
          null,
          0,
          0,
          0,
          null,
          0,
          0,
          0,
          0,
          0,
          0,
          null,
          0,
          null,
          0,
          null,
          0,
          0,
          0,
          0,
          0,
          0,
          0,
          null,
          0,
          0,
          0,
          0,
          null,
          0,
          null,
          0,
          0,
          0,
          null,
          0,
          0,
          0,
          0
        ],
        "branches": {}
      },
      "/home/jake_bleeden/projects/giftwiseproject-selt_2025_team_05/app/controllers/users/confirmations_controller.rb": {
        "lines": [
          null,
          null,
          0,
          null,
          null,
          null,
          null,
          null,
          null,
          null,
          null,
          null,
          null,
          null,
          null,
          null,
          null,
          null,
          null,
          null,
          null,
          null,
          null,
          null,
          null,
          null,
          null,
          null,
          null,
          0
        ],
        "branches": {}
      },
      "/home/jake_bleeden/projects/giftwiseproject-selt_2025_team_05/app/controllers/users/omniauth_callbacks_controller.rb": {
        "lines": [
          null,
          null,
          0,
          null,
          null,
          null,
          null,
          null,
          null,
          null,
          null,
          null,
          null,
          null,
          null,
          null,
          null,
          null,
          null,
          null,
          null,
          null,
          null,
          null,
          null,
          null,
          null,
          null,
          null,
          0
        ],
        "branches": {}
      },
      "/home/jake_bleeden/projects/giftwiseproject-selt_2025_team_05/app/controllers/users/passwords_controller.rb": {
        "lines": [
          null,
          null,
          0,
          null,
          null,
          null,
          null,
          null,
          null,
          null,
          null,
          null,
          null,
          null,
          null,
          null,
          null,
          null,
          null,
          null,
          null,
          null,
          null,
          null,
          null,
          null,
          null,
          null,
          null,
          null,
          null,
          null,
          null,
          0
        ],
        "branches": {}
      },
      "/home/jake_bleeden/projects/giftwiseproject-selt_2025_team_05/app/controllers/users/registrations_controller.rb": {
        "lines": [
          null,
          null,
          0,
          0,
          0,
          null,
          null,
          0,
          0,
          0,
          null,
          null,
          0,
          0,
          0,
          null,
          null,
          0,
          0,
          0,
          null,
          null,
          0,
          0,
          0,
          null,
          null,
          0,
          0,
          0,
          null,
          null,
          null,
          null,
          null,
          null,
          0,
          0,
          0,
          null,
          0,
          null,
          null,
          0,
          0,
          0,
          null,
          null,
          0,
          0,
          0,
          null,
          null,
          0,
          0,
          0,
          null,
          null,
          0,
          0,
          0,
          0
        ],
        "branches": {}
      },
      "/home/jake_bleeden/projects/giftwiseproject-selt_2025_team_05/app/controllers/users/sessions_controller.rb": {
        "lines": [
          null,
          null,
          0,
          null,
          null,
          null,
          null,
          null,
          null,
          null,
          null,
          null,
          null,
          null,
          null,
          null,
          null,
          null,
          null,
          null,
          null,
          null,
          null,
          null,
          null,
          null,
          0
        ],
        "branches": {}
      },
      "/home/jake_bleeden/projects/giftwiseproject-selt_2025_team_05/app/controllers/users/unlocks_controller.rb": {
        "lines": [
          null,
          null,
          0,
          null,
          null,
          null,
          null,
          null,
          null,
          null,
          null,
          null,
          null,
          null,
          null,
          null,
          null,
          null,
          null,
          null,
          null,
          null,
          null,
          null,
          null,
          null,
          null,
          null,
          null,
          0
        ],
        "branches": {}
      },
      "/home/jake_bleeden/projects/giftwiseproject-selt_2025_team_05/app/helpers/application_helper.rb": {
        "lines": [
          0,
          0
        ],
        "branches": {}
      },
      "/home/jake_bleeden/projects/giftwiseproject-selt_2025_team_05/app/helpers/friendships_helper.rb": {
        "lines": [
          0,
          0
        ],
        "branches": {}
      },
      "/home/jake_bleeden/projects/giftwiseproject-selt_2025_team_05/app/helpers/users_helper.rb": {
        "lines": [
          0,
          0
        ],
        "branches": {}
      },
      "/home/jake_bleeden/projects/giftwiseproject-selt_2025_team_05/app/jobs/application_job.rb": {
        "lines": [
          0,
          null,
          null,
          null,
          null,
          null,
          0
        ],
        "branches": {}
      },
      "/home/jake_bleeden/projects/giftwiseproject-selt_2025_team_05/app/mailers/application_mailer.rb": {
        "lines": [
          0,
          0,
          0,
          0
        ],
        "branches": {}
      },
      "/home/jake_bleeden/projects/giftwiseproject-selt_2025_team_05/app/models/application_record.rb": {
        "lines": [
          0,
          0,
          0
        ],
        "branches": {}
      },
      "/home/jake_bleeden/projects/giftwiseproject-selt_2025_team_05/app/models/event.rb": {
        "lines": [
          0,
          0,
          null,
          0,
          0,
          null,
          0,
          0,
          0,
          0
        ],
        "branches": {}
      },
      "/home/jake_bleeden/projects/giftwiseproject-selt_2025_team_05/app/models/event_user.rb": {
        "lines": [
          0,
          0,
          0,
          null,
          0,
          0,
          0,
          0,
          0,
          0,
          null,
          0,
          0,
          0
        ],
        "branches": {}
      },
      "/home/jake_bleeden/projects/giftwiseproject-selt_2025_team_05/app/models/friendship.rb": {
        "lines": [
          0,
          0,
          0,
          null,
          0,
          0,
          0,
          0,
          0,
          0,
          null,
          0,
          0,
          null,
          0,
          null,
          0,
          0,
          0,
          0
        ],
        "branches": {}
      },
      "/home/jake_bleeden/projects/giftwiseproject-selt_2025_team_05/app/models/preference.rb": {
        "lines": [
          0,
          0,
          0
        ],
        "branches": {}
      },
      "/home/jake_bleeden/projects/giftwiseproject-selt_2025_team_05/app/models/user.rb": {
        "lines": [
          0,
          null,
          null,
          0,
          0,
          0,
          0,
          0,
          0,
          null,
          null,
          0,
          null,
          null,
          0,
          null,
          null,
          0,
          null,
          0,
          null,
          0
        ],
        "branches": {}
      }
    },
    "timestamp": 1763067062
  }
}
